22:02:13: Creating resource group General
22:02:13: Creating resource group Internal
22:02:13: Creating resource group Autodetect
22:02:13: SceneManagerFactory for type 'DefaultSceneManager' registered.
22:02:13: Registering ResourceManager for type Material
22:02:13: Registering ResourceManager for type Mesh
22:02:13: Registering ResourceManager for type Skeleton
22:02:13: MovableObjectFactory for type 'ParticleSystem' registered.
22:02:13: ArchiveFactory for archive type FileSystem registered.
22:02:13: ArchiveFactory for archive type Zip registered.
22:02:13: ArchiveFactory for archive type EmbeddedZip registered.
22:02:13: DDS codec registering
22:02:13: FreeImage version: 3.15.1
22:02:13: This program uses FreeImage, a free, open source image library supporting all common bitmap formats. See http://freeimage.sourceforge.net for details
22:02:13: Supported formats: bmp,ico,jpg,jif,jpeg,jpe,jng,koa,iff,lbm,mng,pbm,pbm,pcd,pcx,pgm,pgm,png,ppm,ppm,ras,tga,targa,tif,tiff,wap,wbmp,wbm,psd,cut,xbm,xpm,gif,hdr,g3,sgi,exr,j2k,j2c,jp2,pfm,pct,pict,pic,3fr,arw,bay,bmq,cap,cine,cr2,crw,cs1,dc2,dcr,drf,dsc,dng,erf,fff,ia,iiq,k25,kc2,kdc,mdc,mef,mos,mrw,nef,nrw,orf,pef,ptx,pxn,qtk,raf,raw,rdc,rw2,rwl,rwz,sr2,srf,sti
22:02:13: Registering ResourceManager for type HighLevelGpuProgram
22:02:13: Registering ResourceManager for type Compositor
22:02:13: MovableObjectFactory for type 'Entity' registered.
22:02:13: MovableObjectFactory for type 'Light' registered.
22:02:13: MovableObjectFactory for type 'BillboardSet' registered.
22:02:13: MovableObjectFactory for type 'ManualObject' registered.
22:02:13: MovableObjectFactory for type 'BillboardChain' registered.
22:02:13: MovableObjectFactory for type 'RibbonTrail' registered.
22:02:13: Loading library /usr/local/lib/OGRE/RenderSystem_GL
22:02:13: Installing plugin: GL RenderSystem
22:02:13: OpenGL Rendering Subsystem created.
22:02:13: Plugin successfully installed
22:02:13: Loading library /usr/local/lib/OGRE/Plugin_ParticleFX
22:02:13: Installing plugin: ParticleFX
22:02:13: Particle Emitter Type 'Point' registered
22:02:13: Particle Emitter Type 'Box' registered
22:02:13: Particle Emitter Type 'Ellipsoid' registered
22:02:13: Particle Emitter Type 'Cylinder' registered
22:02:13: Particle Emitter Type 'Ring' registered
22:02:13: Particle Emitter Type 'HollowEllipsoid' registered
22:02:13: Particle Affector Type 'LinearForce' registered
22:02:13: Particle Affector Type 'ColourFader' registered
22:02:13: Particle Affector Type 'ColourFader2' registered
22:02:13: Particle Affector Type 'ColourImage' registered
22:02:13: Particle Affector Type 'ColourInterpolator' registered
22:02:13: Particle Affector Type 'Scaler' registered
22:02:13: Particle Affector Type 'Rotator' registered
22:02:13: Particle Affector Type 'DirectionRandomiser' registered
22:02:13: Particle Affector Type 'DeflectorPlane' registered
22:02:13: Plugin successfully installed
22:02:13: Loading library /usr/local/lib/OGRE/Plugin_CgProgramManager
22:02:13: Installing plugin: Cg Program Manager
22:02:13: Plugin successfully installed
22:02:13: *-*-* OGRE Initialising
22:02:13: *-*-* Version 1.9.0 (Ghadamon)
22:02:13: Creating resource group Essential
22:02:13: Added resource location '/usr/local/share/OGRE/Media/thumbnails' of type 'FileSystem' to resource group 'Essential'
22:02:13: Added resource location '/usr/local/share/OGRE/Media/packs/SdkTrays.zip' of type 'Zip' to resource group 'Essential'
22:02:13: Added resource location '/usr/local/share/OGRE/Media/packs/profiler.zip' of type 'Zip' to resource group 'Essential'
22:02:13: Added resource location '/usr/local/share/OGRE/Media' of type 'FileSystem' to resource group 'General'
22:02:13: Creating resource group Popular
22:02:13: Added resource location '/usr/local/share/OGRE/Media/fonts' of type 'FileSystem' to resource group 'Popular'
22:02:13: Added resource location './media/' of type 'FileSystem' to resource group 'Popular'
22:02:13: Added resource location './media/vertexColours.material' of type 'FileSystem' to resource group 'Popular'
22:02:13: Added resource location './media/sibenik.zip' of type 'Zip' to resource group 'Popular'
22:02:13: Added resource location './media/rosie.zip' of type 'Zip' to resource group 'Popular'
22:02:13: Added resource location './media/gameParticles.zip' of type 'Zip' to resource group 'Popular'
22:02:13: Creating resource group Tests
22:02:13: Added resource location '/usr/local/Tests/Media' of type 'FileSystem' to resource group 'Tests'
22:02:13: CPU Identifier & Features
22:02:13: -------------------------
22:02:13:  *   CPU ID: GenuineIntel: Intel(R) Core(TM) i7-4770K CPU @ 3.50GHz
22:02:13:  *      SSE: yes
22:02:13:  *     SSE2: yes
22:02:13:  *     SSE3: yes
22:02:13:  *      MMX: yes
22:02:13:  *   MMXEXT: yes
22:02:13:  *    3DNOW: no
22:02:13:  * 3DNOWEXT: no
22:02:13:  *     CMOV: yes
22:02:13:  *      TSC: yes
22:02:13:  *      FPU: yes
22:02:13:  *      PRO: yes
22:02:13:  *       HT: no
22:02:13: -------------------------
22:02:13: ******************************
*** Starting GLX Subsystem ***
******************************
22:02:13: Registering ResourceManager for type Texture
22:02:13: GLRenderSystem::_createRenderWindow "Roculus Render Window", 1280x800 fullscreen  miscParams: FSAA=0 displayFrequency=65 Hz gamma=No vsync=No 
22:02:13: Entered video mode 1280x800 @ 65Hz
22:02:13: GLXWindow::create used FBConfigID = 261
22:02:13: GL_VERSION = 4.4.0 NVIDIA 340.29
22:02:13: GL_VENDOR = NVIDIA Corporation
22:02:13: GL_RENDERER = GeForce GTX 780 Ti/PCIe/SSE2
22:02:13: GL_EXTENSIONS = GL_AMD_multi_draw_indirect GL_AMD_seamless_cubemap_per_texture GL_ARB_arrays_of_arrays GL_ARB_base_instance GL_ARB_bindless_texture GL_ARB_blend_func_extended GL_ARB_buffer_storage GL_ARB_clear_buffer_object GL_ARB_clear_texture GL_ARB_color_buffer_float GL_ARB_compatibility GL_ARB_compressed_texture_pixel_storage GL_ARB_conservative_depth GL_ARB_compute_shader GL_ARB_compute_variable_group_size GL_ARB_copy_buffer GL_ARB_copy_image GL_ARB_debug_output GL_ARB_depth_buffer_float GL_ARB_depth_clamp GL_ARB_depth_texture GL_ARB_draw_buffers GL_ARB_draw_buffers_blend GL_ARB_draw_indirect GL_ARB_draw_elements_base_vertex GL_ARB_draw_instanced GL_ARB_enhanced_layouts GL_ARB_ES2_compatibility GL_ARB_ES3_compatibility GL_ARB_explicit_attrib_location GL_ARB_explicit_uniform_location GL_ARB_fragment_coord_conventions GL_ARB_fragment_layer_viewport GL_ARB_fragment_program GL_ARB_fragment_program_shadow GL_ARB_fragment_shader GL_ARB_framebuffer_no_attachments GL_ARB_framebuffer_object GL_ARB_framebuffer_sRGB GL_ARB_geometry_shader4 GL_ARB_get_program_binary GL_ARB_gpu_shader5 GL_ARB_gpu_shader_fp64 GL_ARB_half_float_pixel GL_ARB_half_float_vertex GL_ARB_imaging GL_ARB_indirect_parameters GL_ARB_instanced_arrays GL_ARB_internalformat_query GL_ARB_internalformat_query2 GL_ARB_invalidate_subdata GL_ARB_map_buffer_alignment GL_ARB_map_buffer_range GL_ARB_multi_bind GL_ARB_multi_draw_indirect GL_ARB_multisample GL_ARB_multitexture GL_ARB_occlusion_query GL_ARB_occlusion_query2 GL_ARB_pixel_buffer_object GL_ARB_point_parameters GL_ARB_point_sprite GL_ARB_program_interface_query GL_ARB_provoking_vertex GL_ARB_robust_buffer_access_behavior GL_ARB_robustness GL_ARB_sample_shading GL_ARB_sampler_objects GL_ARB_seamless_cube_map GL_ARB_seamless_cubemap_per_texture GL_ARB_separate_shader_objects GL_ARB_shader_atomic_counters GL_ARB_shader_bit_encoding GL_ARB_shader_draw_parameters GL_ARB_shader_group_vote GL_ARB_shader_image_load_store GL_ARB_shader_image_size GL_ARB_shader_objects GL_ARB_shader_precision GL_ARB_query_buffer_object GL_ARB_shader_storage_buffer_object GL_ARB_shader_subroutine GL_ARB_shader_texture_lod GL_ARB_shading_language_100 GL_ARB_shading_language_420pack GL_ARB_shading_language_include GL_ARB_shading_language_packing GL_ARB_shadow GL_ARB_sparse_texture GL_ARB_stencil_texturing GL_ARB_sync GL_ARB_tessellation_shader GL_ARB_texture_border_clamp GL_ARB_texture_buffer_object GL_ARB_texture_buffer_object_rgb32 GL_ARB_texture_buffer_range GL_ARB_texture_compression GL_ARB_texture_compression_bptc GL_ARB_texture_compression_rgtc GL_ARB_texture_cube_map GL_ARB_texture_cube_map_array GL_ARB_texture_env_add GL_ARB_texture_env_combine GL_ARB_texture_env_crossbar GL_ARB_texture_env_dot3 GL_ARB_texture_float GL_ARB_texture_gather GL_ARB_texture_mirror_clamp_to_edge GL_ARB_texture_mirrored_repeat GL_ARB_texture_multisample GL_ARB_texture_non_power_of_two GL_ARB_texture_query_levels GL_ARB_texture_query_lod GL_ARB_texture_rectangle GL_ARB_texture_rg GL_ARB_texture_rgb10_a2ui GL_ARB_texture_stencil8 GL_ARB_texture_storage GL_ARB_texture_storage_multisample GL_ARB_texture_swizzle GL_ARB_texture_view GL_ARB_timer_query GL_ARB_transform_feedback2 GL_ARB_transform_feedback3 GL_ARB_transform_feedback_instanced GL_ARB_transpose_matrix GL_ARB_uniform_buffer_object GL_ARB_vertex_array_bgra GL_ARB_vertex_array_object GL_ARB_vertex_attrib_64bit GL_ARB_vertex_attrib_binding GL_ARB_vertex_buffer_object GL_ARB_vertex_program GL_ARB_vertex_shader GL_ARB_vertex_type_10f_11f_11f_rev GL_ARB_vertex_type_2_10_10_10_rev GL_ARB_viewport_array GL_ARB_window_pos GL_ATI_draw_buffers GL_ATI_texture_float GL_ATI_texture_mirror_once GL_S3_s3tc GL_EXT_texture_env_add GL_EXT_abgr GL_EXT_bgra GL_EXT_bindable_uniform GL_EXT_blend_color GL_EXT_blend_equation_separate GL_EXT_blend_func_separate GL_EXT_blend_minmax GL_EXT_blend_subtract GL_EXT_compiled_vertex_array GL_EXT_Cg_shader GL_EXT_depth_bounds_test GL_EXT_direct_state_access GL_EXT_draw_buffers2 GL_EXT_draw_instanced GL_EXT_draw_range_elements GL_EXT_fog_coord GL_EXT_framebuffer_blit GL_EXT_framebuffer_multisample GL_EXTX_framebuffer_mixed_formats GL_EXT_framebuffer_multisample_blit_scaled GL_EXT_framebuffer_object GL_EXT_framebuffer_sRGB GL_EXT_geometry_shader4 GL_EXT_gpu_program_parameters GL_EXT_gpu_shader4 GL_EXT_multi_draw_arrays GL_EXT_packed_depth_stencil GL_EXT_packed_float GL_EXT_packed_pixels GL_EXT_pixel_buffer_object GL_EXT_point_parameters GL_EXT_provoking_vertex GL_EXT_rescale_normal GL_EXT_secondary_color GL_EXT_separate_shader_objects GL_EXT_separate_specular_color GL_EXT_shader_image_load_store GL_EXT_shader_integer_mix GL_EXT_shadow_funcs GL_EXT_stencil_two_side GL_EXT_stencil_wrap GL_EXT_texture3D GL_EXT_texture_array GL_EXT_texture_buffer_object GL_EXT_texture_compression_dxt1 GL_EXT_texture_compression_latc GL_EXT_texture_compression_rgtc GL_EXT_texture_compression_s3tc GL_EXT_texture_cube_map GL_EXT_texture_edge_clamp GL_EXT_texture_env_combine GL_EXT_texture_env_dot3 GL_EXT_texture_filter_anisotropic GL_EXT_texture_integer GL_EXT_texture_lod GL_EXT_texture_lod_bias GL_EXT_texture_mirror_clamp GL_EXT_texture_object GL_EXT_texture_shared_exponent GL_EXT_texture_sRGB GL_EXT_texture_sRGB_decode GL_EXT_texture_storage GL_EXT_texture_swizzle GL_EXT_timer_query GL_EXT_transform_feedback2 GL_EXT_vertex_array GL_EXT_vertex_array_bgra GL_EXT_vertex_attrib_64bit GL_EXT_x11_sync_object GL_EXT_import_sync_object GL_IBM_rasterpos_clip GL_IBM_texture_mirrored_repeat GL_KHR_debug GL_KTX_buffer_region GL_NV_bindless_multi_draw_indirect GL_NV_bindless_multi_draw_indirect_count GL_NV_bindless_texture GL_NV_blend_equation_advanced GL_NV_blend_square GL_NV_compute_program5 GL_NV_conditional_render GL_NV_copy_depth_to_color GL_NV_copy_image GL_NV_depth_buffer_float GL_NV_depth_clamp GL_NV_draw_texture GL_NV_ES1_1_compatibility GL_NV_ES3_1_compatibility GL_NV_explicit_multisample GL_NV_fence GL_NV_float_buffer GL_NV_fog_distance GL_NV_fragment_program GL_NV_fragment_program_option GL_NV_fragment_program2 GL_NV_framebuffer_multisample_coverage GL_NV_geometry_shader4 GL_NV_gpu_program4 GL_NV_gpu_program4_1 GL_NV_gpu_program5 GL_NV_gpu_program5_mem_extended GL_NV_gpu_program_fp64 GL_NV_gpu_shader5 GL_NV_half_float GL_NV_light_max_exponent GL_NV_multisample_coverage GL_NV_multisample_filter_hint GL_NV_occlusion_query GL_NV_packed_depth_stencil GL_NV_parameter_buffer_object GL_NV_parameter_buffer_object2 GL_NV_path_rendering GL_NV_pixel_data_range GL_NV_point_sprite GL_NV_primitive_restart GL_NV_register_combiners GL_NV_register_combiners2 GL_NV_shader_atomic_counters GL_NV_shader_atomic_float GL_NV_shader_atomic_int64 GL_NV_shader_buffer_load GL_NV_shader_storage_buffer_object GL_NV_texgen_reflection GL_NV_texture_barrier GL_NV_texture_compression_vtc GL_NV_texture_env_combine4 GL_NV_texture_expand_normal GL_NV_texture_multisample GL_NV_texture_rectangle GL_NV_texture_shader GL_NV_texture_shader2 GL_NV_texture_shader3 GL_NV_transform_feedback GL_NV_transform_feedback2 GL_NV_vdpau_interop GL_NV_vertex_array_range GL_NV_vertex_array_range2 GL_NV_vertex_attrib_integer_64bit GL_NV_vertex_buffer_unified_memory GL_NV_vertex_program GL_NV_vertex_program1_1 GL_NV_vertex_program2 GL_NV_vertex_program2_option GL_NV_vertex_program3 GL_NVX_conditional_render GL_NVX_gpu_memory_info GL_NVX_nvenc_interop GL_NV_shader_thread_group GL_NV_shader_thread_shuffle GL_KHR_blend_equation_advanced GL_SGIS_generate_mipmap GL_SGIS_texture_lod GL_SGIX_depth_texture GL_SGIX_shadow GL_SUN_slice_accum 
22:02:13: Supported GLX extensions: GLX_EXT_visual_info GLX_EXT_visual_rating GLX_SGIX_fbconfig GLX_SGIX_pbuffer GLX_SGI_video_sync GLX_SGI_swap_control GLX_EXT_swap_control GLX_EXT_swap_control_tear GLX_EXT_texture_from_pixmap GLX_EXT_buffer_age GLX_ARB_create_context GLX_ARB_create_context_profile GLX_EXT_create_context_es_profile GLX_EXT_create_context_es2_profile GLX_ARB_create_context_robustness GLX_NV_delay_before_swap GLX_EXT_stereo_tree GLX_ARB_multisample GLX_NV_float_buffer GLX_ARB_fbconfig_float GLX_EXT_framebuffer_sRGB GLX_NV_multisample_coverage GLX_ARB_get_proc_address 
22:02:13: ***************************
22:02:13: *** GL Renderer Started ***
22:02:13: ***************************
22:02:13: Registering ResourceManager for type GpuProgram
22:02:13: GLSL support detected
22:02:13: GL: Using GL_EXT_framebuffer_object for rendering to textures (best)
22:02:13: FBO PF_UNKNOWN depth/stencil support: D0S8 D16S0 D24S0 D32S0 Packed-D24S8 
22:02:13: FBO PF_L8 depth/stencil support: D0S0 D0S8 D16S0 D24S0 D32S0 Packed-D24S8 
22:02:13: FBO PF_A8 depth/stencil support: D0S0 D0S8 D16S0 D24S0 D32S0 Packed-D24S8 
22:02:13: FBO PF_A4L4 depth/stencil support: D0S0 D0S8 D16S0 D24S0 D32S0 Packed-D24S8 
22:02:13: FBO PF_BYTE_LA depth/stencil support: D0S0 D0S8 D16S0 D24S0 D32S0 Packed-D24S8 
22:02:13: FBO PF_R5G6B5 depth/stencil support: D0S0 D0S8 D16S0 D24S0 D32S0 Packed-D24S8 
22:02:13: FBO PF_B5G6R5 depth/stencil support: D0S0 D0S8 D16S0 D24S0 D32S0 Packed-D24S8 
22:02:13: FBO PF_A4R4G4B4 depth/stencil support: D0S0 D0S8 D16S0 D24S0 D32S0 Packed-D24S8 
22:02:13: FBO PF_A1R5G5B5 depth/stencil support: D0S0 D0S8 D16S0 D24S0 D32S0 Packed-D24S8 
22:02:13: FBO PF_R8G8B8 depth/stencil support: D0S0 D0S8 D16S0 D24S0 D32S0 Packed-D24S8 
22:02:13: FBO PF_B8G8R8 depth/stencil support: D0S0 D0S8 D16S0 D24S0 D32S0 Packed-D24S8 
22:02:13: FBO PF_A8R8G8B8 depth/stencil support: D0S0 D0S8 D16S0 D24S0 D32S0 Packed-D24S8 
22:02:13: FBO PF_B8G8R8A8 depth/stencil support: D0S0 D0S8 D16S0 D24S0 D32S0 Packed-D24S8 
22:02:13: FBO PF_A2R10G10B10 depth/stencil support: D0S0 D0S8 D16S0 D24S0 D32S0 Packed-D24S8 
22:02:13: FBO PF_A2B10G10R10 depth/stencil support: D0S0 D0S8 D16S0 D24S0 D32S0 Packed-D24S8 
22:02:13: FBO PF_FLOAT16_RGB depth/stencil support: D0S0 D0S8 D16S0 D24S0 D32S0 Packed-D24S8 
22:02:13: FBO PF_FLOAT16_RGBA depth/stencil support: D0S0 D0S8 D16S0 D24S0 D32S0 Packed-D24S8 
22:02:13: FBO PF_FLOAT32_RGB depth/stencil support: D0S0 D0S8 D16S0 D24S0 D32S0 Packed-D24S8 
22:02:13: FBO PF_FLOAT32_RGBA depth/stencil support: D0S0 D0S8 D16S0 D24S0 D32S0 Packed-D24S8 
22:02:13: FBO PF_X8R8G8B8 depth/stencil support: D0S0 D0S8 D16S0 D24S0 D32S0 Packed-D24S8 
22:02:13: FBO PF_X8B8G8R8 depth/stencil support: D0S0 D0S8 D16S0 D24S0 D32S0 Packed-D24S8 
22:02:13: FBO PF_SHORT_RGBA depth/stencil support: D0S0 D0S8 D16S0 D24S0 D32S0 Packed-D24S8 
22:02:14: FBO PF_R3G3B2 depth/stencil support: D0S0 D0S8 D16S0 D24S0 D32S0 Packed-D24S8 
22:02:14: FBO PF_FLOAT16_R depth/stencil support: D0S0 D0S8 D16S0 D24S0 D32S0 Packed-D24S8 
22:02:14: FBO PF_FLOAT32_R depth/stencil support: D0S0 D0S8 D16S0 D24S0 D32S0 Packed-D24S8 
22:02:14: FBO PF_FLOAT16_GR depth/stencil support: D0S0 D0S8 D16S0 D24S0 D32S0 Packed-D24S8 
22:02:14: FBO PF_FLOAT32_GR depth/stencil support: D0S0 D0S8 D16S0 D24S0 D32S0 Packed-D24S8 
22:02:14: FBO PF_SHORT_RGB depth/stencil support: D0S0 D0S8 D16S0 D24S0 D32S0 Packed-D24S8 
22:02:14: [GL] : Valid FBO targets PF_UNKNOWN PF_L8 PF_A8 PF_A4L4 PF_BYTE_LA PF_R5G6B5 PF_B5G6R5 PF_A4R4G4B4 PF_A1R5G5B5 PF_R8G8B8 PF_B8G8R8 PF_A8R8G8B8 PF_B8G8R8A8 PF_A2R10G10B10 PF_A2B10G10R10 PF_FLOAT16_RGB PF_FLOAT16_RGBA PF_FLOAT32_RGB PF_FLOAT32_RGBA PF_X8R8G8B8 PF_X8B8G8R8 PF_SHORT_RGBA PF_R3G3B2 PF_FLOAT16_R PF_FLOAT32_R PF_FLOAT16_GR PF_FLOAT32_GR PF_SHORT_RGB 
22:02:14: RenderSystem capabilities
22:02:14: -------------------------
22:02:14: RenderSystem Name: OpenGL Rendering Subsystem
22:02:14: GPU Vendor: nvidia
22:02:14: Device Name: GeForce GTX 780 Ti/PCIe/SSE2
22:02:14: Driver Version: 4.4.0.0
22:02:14:  * Fixed function pipeline: yes
22:02:14:  * Hardware generation of mipmaps: yes
22:02:14:  * Texture blending: yes
22:02:14:  * Anisotropic texture filtering: yes
22:02:14:  * Dot product texture operation: yes
22:02:14:  * Cube mapping: yes
22:02:14:  * Hardware stencil buffer: yes
22:02:14:    - Stencil depth: 8
22:02:14:    - Two sided stencil support: yes
22:02:14:    - Wrap stencil values: yes
22:02:14:  * Hardware vertex / index buffers: yes
22:02:14:  * 32-bit index buffers: yes
22:02:14:  * Vertex programs: yes
22:02:14:  * Number of floating-point constants for vertex programs: 1024
22:02:14:  * Number of integer constants for vertex programs: 0
22:02:14:  * Number of boolean constants for vertex programs: 0
22:02:14:  * Fragment programs: yes
22:02:14:  * Number of floating-point constants for fragment programs: 512
22:02:14:  * Number of integer constants for fragment programs: 0
22:02:14:  * Number of boolean constants for fragment programs: 0
22:02:14:  * Geometry programs: yes
22:02:14:  * Number of floating-point constants for geometry programs: 2048
22:02:14:  * Number of integer constants for geometry programs: 0
22:02:14:  * Number of boolean constants for geometry programs: 0
22:02:14:  * Tesselation Hull programs: no
22:02:14:  * Number of floating-point constants for tesselation hull programs: 0
22:02:14:  * Number of integer constants for tesselation hull programs: 0
22:02:14:  * Number of boolean constants for tesselation hull programs: 0
22:02:14:  * Tesselation Domain programs: no
22:02:14:  * Number of floating-point constants for tesselation domain programs: 0
22:02:14:  * Number of integer constants for tesselation domain programs: 0
22:02:14:  * Number of boolean constants for tesselation domain programs: 0
22:02:14:  * Compute programs: no
22:02:14:  * Number of floating-point constants for compute programs: 0
22:02:14:  * Number of integer constants for compute programs: 0
22:02:14:  * Number of boolean constants for compute programs: 0
22:02:14:  * Supported Shader Profiles: arbfp1 arbvp1 fp20 fp30 fp40 glsl glsl100 glsl110 glsl120 gp4fp gp4gp gp4vp gpu_fp gpu_gp gpu_vp nvgp4 vp30 vp40
22:02:14:  * Texture Compression: yes
22:02:14:    - DXT: yes
22:02:14:    - VTC: yes
22:02:14:    - PVRTC: no
22:02:14:    - ATC: no
22:02:14:    - ETC1: no
22:02:14:    - ETC2: no
22:02:14:    - BC4/BC5: no
22:02:14:    - BC6H/BC7: no
22:02:14:  * Scissor Rectangle: yes
22:02:14:  * Hardware Occlusion Query: yes
22:02:14:  * User clip planes: yes
22:02:14:  * VET_UBYTE4 vertex element type: yes
22:02:14:  * Infinite far plane projection: yes
22:02:14:  * Hardware render-to-texture: yes
22:02:14:  * Floating point textures: yes
22:02:14:  * Non-power-of-two textures: yes
22:02:14:  * 1d textures: yes
22:02:14:  * Volume textures: yes
22:02:14:  * Multiple Render Targets: 8
22:02:14:    - With different bit depths: yes
22:02:14:  * Point Sprites: yes
22:02:14:  * Extended point parameters: yes
22:02:14:  * Max Point Size: 2047
22:02:14:  * Vertex texture fetch: yes
22:02:14:  * Number of world matrices: 0
22:02:14:  * Number of texture units: 16
22:02:14:  * Stencil buffer depth: 8
22:02:14:  * Number of vertex blend matrices: 0
22:02:14:    - Max vertex textures: 32
22:02:14:    - Vertex textures shared: yes
22:02:14:  * Render to Vertex Buffer : yes
22:02:14:  * Hardware Atomic Counters: no
22:02:14:  * GL 1.5 without VBO workaround: no
22:02:14:  * Frame Buffer objects: yes
22:02:14:  * Frame Buffer objects (ARB extension): no
22:02:14:  * Frame Buffer objects (ATI extension): no
22:02:14:  * PBuffer support: yes
22:02:14:  * GL 1.5 without HW-occlusion workaround: no
22:02:14:  * Vertex Array Objects: no
22:02:14:  * Separate shader objects: no
22:02:14: DefaultWorkQueue('Root') initialising on thread 0x14b7a50.
22:02:14: DefaultWorkQueue('Root')::WorkerFunc - thread 0x185a780 starting.
22:02:14: DefaultWorkQueue('Root')::WorkerFunc - thread 0x1860cc0 starting.
22:02:14: DefaultWorkQueue('Root')::WorkerFunc - thread 0x1867e90 starting.
22:02:14: DefaultWorkQueue('Root')::WorkerFunc - thread 0x1865640 starting.
22:02:14: DefaultWorkQueue('Root')::WorkerFunc - thread 0x18681e0 starting.
22:02:14: DefaultWorkQueue('Root')::WorkerFunc - thread 0x18652f0 starting.
22:02:14: DefaultWorkQueue('Root')::WorkerFunc - thread 0x1862850 starting.
22:02:14: DefaultWorkQueue('Root')::WorkerFunc - thread 0x1865990 starting.
22:02:14: Particle Renderer Type 'billboard' registered
22:02:14: OverlayElementFactory for type Panel registered.
22:02:14: OverlayElementFactory for type BorderPanel registered.
22:02:14: OverlayElementFactory for type TextArea registered.
22:02:14: Registering ResourceManager for type Font
22:02:14: Parsing scripts for resource group Autodetect
22:02:14: Finished parsing scripts for resource group Autodetect
22:02:14: Creating resources for group Autodetect
22:02:14: All done
22:02:14: Parsing scripts for resource group Essential
22:02:14: Parsing script SdkTrays.material
22:02:14: Parsing script OgreProfiler.material
22:02:14: Parsing script SdkTrays.fontdef
22:02:14: Parsing script SdkTrays.overlay
22:02:14: Texture: sdk_cursor.png: Loading 1 faces(PF_A8R8G8B8,32x32x1) with 3 hardware generated mipmaps from Image. Internal format is PF_A8R8G8B8,32x32x1.
22:02:14: Texture: sdk_tray.png: Loading 1 faces(PF_A8R8G8B8,64x64x1) with 3 hardware generated mipmaps from Image. Internal format is PF_A8R8G8B8,64x64x1.
22:02:14: Texture: sdk_button_up.png: Loading 1 faces(PF_A8R8G8B8,128x32x1) with 3 hardware generated mipmaps from Image. Internal format is PF_A8R8G8B8,128x32x1.
22:02:14: Texture: sdk_text_box.png: Loading 1 faces(PF_A8R8G8B8,32x32x1) with 3 hardware generated mipmaps from Image. Internal format is PF_A8R8G8B8,32x32x1.
22:02:14: Texture: sdk_mini_tray.png: Loading 1 faces(PF_A8R8G8B8,32x32x1) with 3 hardware generated mipmaps from Image. Internal format is PF_A8R8G8B8,32x32x1.
22:02:14: Texture: sdk_track.png: Loading 1 faces(PF_A8R8G8B8,16x32x1) with 3 hardware generated mipmaps from Image. Internal format is PF_A8R8G8B8,16x32x1.
22:02:14: Texture: sdk_handle.png: Loading 1 faces(PF_A8R8G8B8,16x16x1) with 3 hardware generated mipmaps from Image. Internal format is PF_A8R8G8B8,16x16x1.
22:02:14: Texture: sdk_mini_text_box.png: Loading 1 faces(PF_A8R8G8B8,32x32x1) with 3 hardware generated mipmaps from Image. Internal format is PF_A8R8G8B8,32x32x1.
22:02:14: Texture: sdk_label.png: Loading 1 faces(PF_A8R8G8B8,32x32x1) with 3 hardware generated mipmaps from Image. Internal format is PF_A8R8G8B8,32x32x1.
22:02:14: Texture: sdk_separator.png: Loading 1 faces(PF_A8R8G8B8,64x16x1) with 3 hardware generated mipmaps from Image. Internal format is PF_A8R8G8B8,64x16x1.
22:02:14: Texture: sdk_logo.png: Loading 1 faces(PF_A8R8G8B8,128x64x1) with 3 hardware generated mipmaps from Image. Internal format is PF_A8R8G8B8,128x64x1.
22:02:14: Texture: sdk_shade.png: Loading 1 faces(PF_A8R8G8B8,64x48x1) with 3 hardware generated mipmaps from Image. Internal format is PF_A8R8G8B8,64x48x1.
22:02:14: Texture: sdk_frame.png: Loading 1 faces(PF_A8R8G8B8,32x32x1) with 3 hardware generated mipmaps from Image. Internal format is PF_A8R8G8B8,32x32x1.
22:02:14: Texture: sdk_mini_text_box_over.png: Loading 1 faces(PF_A8R8G8B8,32x32x1) with 3 hardware generated mipmaps from Image. Internal format is PF_A8R8G8B8,32x32x1.
22:02:14: Texture: sdk_pulse.png: Loading 1 faces(PF_R8G8B8,8x1x1) with 3 hardware generated mipmaps from Image. Internal format is PF_X8R8G8B8,8x1x1.
22:02:14: Finished parsing scripts for resource group Essential
22:02:14: Creating resources for group Essential
22:02:14: All done
22:02:14: Parsing scripts for resource group General
22:02:14: Finished parsing scripts for resource group General
22:02:14: Creating resources for group General
22:02:14: All done
22:02:14: Parsing scripts for resource group Internal
22:02:14: Finished parsing scripts for resource group Internal
22:02:14: Creating resources for group Internal
22:02:14: All done
22:02:14: Parsing scripts for resource group Popular
22:02:14: Parsing script oculus.material
22:02:14: Compiler error: reference to a non existing object in oculus.material(43)
22:02:14: Parsing script vertexColours.material
22:02:14: Parsing script sibenik.material
22:02:14: Parsing script rosieTextured.material
22:02:14: Parsing script WayPoint.material
22:02:14: Parsing script GameObjects.material
22:02:14: Parsing script particles.material
22:02:14: Parsing script particleSystem.particle
22:02:14: Parsing script oculus.compositor
22:02:14: Finished parsing scripts for resource group Popular
22:02:14: Creating resources for group Popular
22:02:14: All done
22:02:14: Parsing scripts for resource group Tests
22:02:14: Finished parsing scripts for resource group Tests
22:02:14: Creating resources for group Tests
22:02:14: All done
22:02:14: Texture: VideoRGBTexture: Loading 1 faces(PF_R8G8B8,512x512x1) Internal format is PF_X8R8G8B8,640x480x1.
22:02:14: Texture: VideoDepthTexture: Loading 1 faces(PF_R8G8B8,512x512x1) Internal format is PF_L16,640x480x1.
22:02:14: Texture: VideoRGBTexture2: Loading 1 faces(PF_R8G8B8,512x512x1) Internal format is PF_X8R8G8B8,640x480x1.
22:02:14: Texture: VideoDepthTexture2: Loading 1 faces(PF_R8G8B8,512x512x1) Internal format is PF_L16,640x480x1.
22:02:14: Texture: GlobalMapTexture: Loading 1 faces(PF_R8G8B8,512x512x1) Internal format is PF_A8R8G8B8,1024x1024x1.
22:02:14: Mesh: Loading Cylinder.mesh.
22:02:24: *** Initializing OIS ***
22:02:24: Mesh: Loading Torus.001.mesh.
22:02:24: WayPoint0, 0 0 0, 1 0 0 0 added to Game.
22:02:24: WayPoint1, 0 0 0, 1 0 0 0 added to Game.
22:02:24: WayPoint2, 0 0 0, 1 0 0 0 added to Game.
22:02:24: WayPoint3, 0 0 0, 1 0 0 0 added to Game.
22:02:24: WayPoint4, 0 0 0, 1 0 0 0 added to Game.
22:02:24: WayPoint5, 0 0 0, 1 0 0 0 added to Game.
22:02:24: WayPoint6, 0 0 0, 1 0 0 0 added to Game.
22:02:24: WayPoint7, 0 0 0, 1 0 0 0 added to Game.
22:02:24: WayPoint8, 0 0 0, 1 0 0 0 added to Game.
22:02:24: WayPoint9, 0 0 0, 1 0 0 0 added to Game.
22:02:24: WayPoint10, 0 0 0, 1 0 0 0 added to Game.
22:02:24: WayPoint11, 0 0 0, 1 0 0 0 added to Game.
22:02:24: WayPoint12, 0 0 0, 1 0 0 0 added to Game.
22:02:24: WayPoint13, 0 0 0, 1 0 0 0 added to Game.
22:02:24: WayPoint14, 0 0 0, 1 0 0 0 added to Game.
22:02:24: WayPoint15, 0 0 0, 1 0 0 0 added to Game.
22:02:24: WayPoint16, 0 0 0, 1 0 0 0 added to Game.
22:02:24: WayPoint17, 0 0 0, 1 0 0 0 added to Game.
22:02:24: WayPoint18, 0 0 0, 1 0 0 0 added to Game.
22:02:24: WayPoint19, 0 0 0, 1 0 0 0 added to Game.
22:02:24: WayPoint20, 0 0 0, 1 0 0 0 added to Game.
22:02:24: WayPoint21, 0 0 0, 1 0 0 0 added to Game.
22:02:24: WayPoint22, 0 0 0, 1 0 0 0 added to Game.
22:02:24: WayPoint23, 0 0 0, 1 0 0 0 added to Game.
22:02:24: Mesh: Loading Door.mesh.
22:02:24: Texture: doorTexture.png: Loading 1 faces(PF_R8G8B8,1024x1024x1) with 3 hardware generated mipmaps from Image. Internal format is PF_X8R8G8B8,1024x1024x1.
22:02:24: Mesh: Loading TreasureBox.mesh.
22:02:24: Texture: Tex_TreasureBox.png: Loading 1 faces(PF_R8G8B8,1024x1024x1) with 3 hardware generated mipmaps from Image. Internal format is PF_X8R8G8B8,1024x1024x1.
22:02:24: Mesh: Loading Key.mesh.
22:02:24: Mesh: Loading Lock.mesh.
22:02:24: Texture: lockTexture.png: Loading 1 faces(PF_R8G8B8,1024x1024x1) with 3 hardware generated mipmaps from Image. Internal format is PF_X8R8G8B8,1024x1024x1.
22:02:24: Oculus: Initialising system
22:02:24: Oculus: Created Device Manager
22:02:24: Oculus: Created StereoConfig
22:02:24: Oculus: Created HMD
22:02:24: Oculus: Failed to create sensor
22:02:24: Oculus: Setting up Ogre
22:02:24: Oculus: Pointers set.
22:02:24: Oculus: Oculus setup completed successfully
22:02:24: Mesh: Loading Rosie.mesh.
22:02:24: Texture: RosieTexture.png: Loading 1 faces(PF_R8G8B8,640x480x1) with 3 hardware generated mipmaps from Image. Internal format is PF_X8R8G8B8,640x480x1.
22:02:26: Font SdkTrays/Caption using texture size 512x256
22:02:26: Info: Freetype returned null for character 160 in font SdkTrays/Caption
22:02:26: Texture: SdkTrays/CaptionTexture: Loading 1 faces(PF_BYTE_LA,512x256x1) Internal format is PF_BYTE_LA,512x256x1.
22:02:26: Font SdkTrays/Value using texture size 512x256
22:02:26: Info: Freetype returned null for character 127 in font SdkTrays/Value
22:02:26: Info: Freetype returned null for character 128 in font SdkTrays/Value
22:02:26: Info: Freetype returned null for character 129 in font SdkTrays/Value
22:02:26: Info: Freetype returned null for character 130 in font SdkTrays/Value
22:02:26: Info: Freetype returned null for character 131 in font SdkTrays/Value
22:02:26: Info: Freetype returned null for character 132 in font SdkTrays/Value
22:02:26: Info: Freetype returned null for character 133 in font SdkTrays/Value
22:02:26: Info: Freetype returned null for character 134 in font SdkTrays/Value
22:02:26: Info: Freetype returned null for character 135 in font SdkTrays/Value
22:02:26: Info: Freetype returned null for character 136 in font SdkTrays/Value
22:02:26: Info: Freetype returned null for character 137 in font SdkTrays/Value
22:02:26: Info: Freetype returned null for character 138 in font SdkTrays/Value
22:02:26: Info: Freetype returned null for character 139 in font SdkTrays/Value
22:02:26: Info: Freetype returned null for character 140 in font SdkTrays/Value
22:02:26: Info: Freetype returned null for character 141 in font SdkTrays/Value
22:02:26: Info: Freetype returned null for character 142 in font SdkTrays/Value
22:02:26: Info: Freetype returned null for character 143 in font SdkTrays/Value
22:02:26: Info: Freetype returned null for character 144 in font SdkTrays/Value
22:02:26: Info: Freetype returned null for character 145 in font SdkTrays/Value
22:02:26: Info: Freetype returned null for character 146 in font SdkTrays/Value
22:02:26: Info: Freetype returned null for character 147 in font SdkTrays/Value
22:02:26: Info: Freetype returned null for character 148 in font SdkTrays/Value
22:02:26: Info: Freetype returned null for character 149 in font SdkTrays/Value
22:02:26: Info: Freetype returned null for character 150 in font SdkTrays/Value
22:02:26: Info: Freetype returned null for character 151 in font SdkTrays/Value
22:02:26: Info: Freetype returned null for character 152 in font SdkTrays/Value
22:02:26: Info: Freetype returned null for character 153 in font SdkTrays/Value
22:02:26: Info: Freetype returned null for character 154 in font SdkTrays/Value
22:02:26: Info: Freetype returned null for character 155 in font SdkTrays/Value
22:02:26: Info: Freetype returned null for character 156 in font SdkTrays/Value
22:02:26: Info: Freetype returned null for character 157 in font SdkTrays/Value
22:02:26: Info: Freetype returned null for character 158 in font SdkTrays/Value
22:02:26: Info: Freetype returned null for character 159 in font SdkTrays/Value
22:02:26: Info: Freetype returned null for character 160 in font SdkTrays/Value
22:02:26: Texture: SdkTrays/ValueTexture: Loading 1 faces(PF_BYTE_LA,512x256x1) Internal format is PF_BYTE_LA,512x256x1.
22:02:26: Texture: flare.png: Loading 1 faces(PF_R8G8B8,256x256x1) with 3 hardware generated mipmaps from Image. Internal format is PF_X8R8G8B8,256x256x1.
22:02:26: Texture: modFlare.png: Loading 1 faces(PF_R8G8B8,256x256x1) with 3 hardware generated mipmaps from Image. Internal format is PF_X8R8G8B8,256x256x1.
22:19:06: Unregistering ResourceManager for type Font
22:19:06: DefaultWorkQueue('Root') shutting down on thread 0x14b7a50.
22:19:06: DefaultWorkQueue('Root')::WorkerFunc - thread 0x185a780 stopped.
22:19:06: DefaultWorkQueue('Root')::WorkerFunc - thread 0x18652f0 stopped.
22:19:06: DefaultWorkQueue('Root')::WorkerFunc - thread 0x1867e90 stopped.
22:19:06: DefaultWorkQueue('Root')::WorkerFunc - thread 0x1865640 stopped.
22:19:06: DefaultWorkQueue('Root')::WorkerFunc - thread 0x18681e0 stopped.
22:19:06: DefaultWorkQueue('Root')::WorkerFunc - thread 0x1862850 stopped.
22:19:06: DefaultWorkQueue('Root')::WorkerFunc - thread 0x1865990 stopped.
22:19:06: DefaultWorkQueue('Root')::WorkerFunc - thread 0x1860cc0 stopped.
22:19:06: *-*-* OGRE Shutdown
22:19:06: Unregistering ResourceManager for type Compositor
22:19:06: Unregistering ResourceManager for type Skeleton
22:19:06: Unregistering ResourceManager for type Mesh
22:19:06: Unregistering ResourceManager for type HighLevelGpuProgram
22:19:06: Uninstalling plugin: Cg Program Manager
22:19:06: Plugin successfully uninstalled
22:19:06: Unloading library /usr/local/lib/OGRE/Plugin_CgProgramManager
22:19:06: Uninstalling plugin: ParticleFX
22:19:06: Plugin successfully uninstalled
22:19:06: Unloading library /usr/local/lib/OGRE/Plugin_ParticleFX
22:19:06: Uninstalling plugin: GL RenderSystem
22:19:07: Entered video mode 1920x1080 @ 50Hz
22:19:07: Unregistering ResourceManager for type GpuProgram
22:19:07: ******************************
*** Stopping GLX Subsystem ***
******************************
22:19:07: Unregistering ResourceManager for type Texture
22:19:07: Plugin successfully uninstalled
22:19:07: Unloading library /usr/local/lib/OGRE/RenderSystem_GL
22:19:07: Unregistering ResourceManager for type Material
