17:12:53: Creating resource group General
17:12:53: Creating resource group Internal
17:12:53: Creating resource group Autodetect
17:12:53: SceneManagerFactory for type 'DefaultSceneManager' registered.
17:12:53: Registering ResourceManager for type Material
17:12:53: Registering ResourceManager for type Mesh
17:12:53: Registering ResourceManager for type Skeleton
17:12:53: MovableObjectFactory for type 'ParticleSystem' registered.
17:12:53: ArchiveFactory for archive type FileSystem registered.
17:12:53: ArchiveFactory for archive type Zip registered.
17:12:53: ArchiveFactory for archive type EmbeddedZip registered.
17:12:53: DDS codec registering
17:12:53: FreeImage version: 3.15.1
17:12:53: This program uses FreeImage, a free, open source image library supporting all common bitmap formats. See http://freeimage.sourceforge.net for details
17:12:53: Supported formats: bmp,ico,jpg,jif,jpeg,jpe,jng,koa,iff,lbm,mng,pbm,pbm,pcd,pcx,pgm,pgm,png,ppm,ppm,ras,tga,targa,tif,tiff,wap,wbmp,wbm,psd,cut,xbm,xpm,gif,hdr,g3,sgi,exr,j2k,j2c,jp2,pfm,pct,pict,pic,3fr,arw,bay,bmq,cap,cine,cr2,crw,cs1,dc2,dcr,drf,dsc,dng,erf,fff,ia,iiq,k25,kc2,kdc,mdc,mef,mos,mrw,nef,nrw,orf,pef,ptx,pxn,qtk,raf,raw,rdc,rw2,rwl,rwz,sr2,srf,sti
17:12:53: Registering ResourceManager for type HighLevelGpuProgram
17:12:53: Registering ResourceManager for type Compositor
17:12:53: MovableObjectFactory for type 'Entity' registered.
17:12:53: MovableObjectFactory for type 'Light' registered.
17:12:53: MovableObjectFactory for type 'BillboardSet' registered.
17:12:53: MovableObjectFactory for type 'ManualObject' registered.
17:12:53: MovableObjectFactory for type 'BillboardChain' registered.
17:12:53: MovableObjectFactory for type 'RibbonTrail' registered.
17:12:53: OGRE EXCEPTION(6:FileNotFoundException): 'plugins.cfg' file not found! in ConfigFile::load at /home/cvapdemo/Development/ogre/OgreMain/src/OgreConfigFile.cpp (line 82)
17:12:53: plugins.cfg not found, automatic plugin loading disabled.
17:12:53: *-*-* OGRE Initialising
17:12:53: *-*-* Version 1.9.0 (Ghadamon)
17:12:53: OGRE EXCEPTION(6:FileNotFoundException): 'resources.cfg' file not found! in ConfigFile::load at /home/cvapdemo/Development/ogre/OgreMain/src/OgreConfigFile.cpp (line 82)
